#
# There is insufficient memory for the Java Runtime Environment to continue.
# Native memory allocation (malloc) failed to allocate 1377392 bytes. Error detail: Chunk::new
# Possible reasons:
#   The system is out of physical RAM or swap space
#   This process is running with CompressedOops enabled, and the Java Heap may be blocking the growth of the native heap
# Possible solutions:
#   Reduce memory load on the system
#   Increase physical memory or swap space
#   Check if swap backing store is full
#   Decrease Java heap size (-Xmx/-Xms)
#   Decrease number of Java threads
#   Decrease Java thread stack sizes (-Xss)
#   Set larger code cache with -XX:ReservedCodeCacheSize=
#   JVM is running with Unscaled Compressed Oops mode in which the Java heap is
#     placed in the first 4GB address space. The Java Heap base address is the
#     maximum limit for the native heap growth. Please use -XX:HeapBaseMinAddress
#     to set the Java Heap base and to place the Java Heap above 4GB virtual address.
# This output file may be truncated or incomplete.
#
#  Out of Memory Error (arena.cpp:168), pid=11984, tid=14204
#
# JRE version: OpenJDK Runtime Environment Temurin-21.0.10+7 (21.0.10+7) (build 21.0.10+7-LTS)
# Java VM: OpenJDK 64-Bit Server VM Temurin-21.0.10+7 (21.0.10+7-LTS, mixed mode, sharing, tiered, compressed oops, compressed class ptrs, parallel gc, windows-amd64)
# No core dump will be written. Minidumps are not enabled by default on client versions of Windows
#

---------------  S U M M A R Y ------------

Command Line: --add-modules=ALL-SYSTEM --add-opens=java.base/java.util=ALL-UNNAMED --add-opens=java.base/java.lang=ALL-UNNAMED --add-opens=java.base/sun.nio.fs=ALL-UNNAMED -Declipse.application=org.eclipse.jdt.ls.core.id1 -Dosgi.bundles.defaultStartLevel=4 -Declipse.product=org.eclipse.jdt.ls.core.product -Djava.import.generatesMetadataFilesAtProjectRoot=false -DDetectVMInstallationsJob.disabled=true -Dfile.encoding=utf8 -XX:+UseParallelGC -XX:GCTimeRatio=4 -XX:AdaptiveSizePolicyWeight=90 -Dsun.zip.disableMemoryMapping=true -Xmx2G -Xms100m -Xlog:disable -javaagent:c:\Users\Friends\.vscode\extensions\redhat.java-1.53.0-win32-x64\lombok\lombok-1.18.39-4050.jar c:\Users\Friends\.vscode\extensions\redhat.java-1.53.0-win32-x64\server\plugins\org.eclipse.equinox.launcher_1.7.100.v20251111-0406.jar -configuration c:\Users\Friends\AppData\Roaming\Code\User\globalStorage\redhat.java\1.53.0\config_ss_win -data c:\Users\Friends\AppData\Roaming\Code\User\workspaceStorage\ace8670b395dd25cc7debfab7720d4bd\redhat.java\ss_ws --pipe=\\.\pipe\lsp-ef38afcec4d762ce266198926ef695d8-sock

Host: Intel(R) Core(TM) i7-7600U CPU @ 2.80GHz, 4 cores, 15G,  Windows 11 , 64 bit Build 26100 (10.0.26100.7920)
Time: Mon Mar 30 11:36:45 2026 Pakistan Standard Time elapsed time: 866.614036 seconds (0d 0h 14m 26s)

---------------  T H R E A D  ---------------

Current thread (0x000001eb9c707ea0):  JavaThread "C2 CompilerThread0" daemon [_thread_in_native, id=14204, stack(0x000000e93d700000,0x000000e93d800000) (1024K)]


Current CompileTask:
C2:866614 8636   !   4       org.eclipse.jdt.internal.core.NameLookup::seekTypesInBinaryPackage (399 bytes)

Stack: [0x000000e93d700000,0x000000e93d800000]
Native frames: (J=compiled Java code, j=interpreted, Vv=VM code, C=native code)
V  [jvm.dll+0x6d7a39]
V  [jvm.dll+0x8b4b26]
V  [jvm.dll+0x8b70de]
V  [jvm.dll+0x8b77c3]
V  [jvm.dll+0x284346]
V  [jvm.dll+0xc66ed]
V  [jvm.dll+0xc6c31]
V  [jvm.dll+0x3bec3b]
V  [jvm.dll+0x1e3f69]
V  [jvm.dll+0x24c6b3]
V  [jvm.dll+0x24bb40]
V  [jvm.dll+0x1cb34e]
V  [jvm.dll+0x25b85d]
V  [jvm.dll+0x259dea]
V  [jvm.dll+0x3f857e]
V  [jvm.dll+0x85f59d]
V  [jvm.dll+0x6d626d]
C  [ucrtbase.dll+0x37b0]
C  [KERNEL32.DLL+0x2e8d7]
C  [ntdll.dll+0x8c48c]


---------------  P R O C E S S  ---------------

Threads class SMR info:
_java_thread_list=0x000001ebf98ec1e0, length=32, elements={
0x000001eb9a4c7300, 0x000001eb9c6e3600, 0x000001eb9c6e5d50, 0x000001eb9c6eb530,
0x000001eb9c6ee350, 0x000001eb9c6f14f0, 0x000001eb9c6f4420, 0x000001eb9c707ea0,
0x000001eb9c70a7c0, 0x000001ebf9129350, 0x000001ebf9127910, 0x000001ebf91299e0,
0x000001ebf9126560, 0x000001ebf9127280, 0x000001ebf9127fa0, 0x000001ebf9128630,
0x000001ebf9128cc0, 0x000001ebf952c3f0, 0x000001ebf952d7a0, 0x000001ebf952f1e0,
0x000001ebf952ff00, 0x000001ebf952f870, 0x000001ebf952e4c0, 0x000001ebf952eb50,
0x000001ebf952ca80, 0x000001ebf9530590, 0x000001ebf952d110, 0x000001ebf9530c20,
0x000001ebf95312b0, 0x000001ebf952de30, 0x000001ebf9533a10, 0x000001ebf9532660
}

Java Threads: ( => current thread )
  0x000001eb9a4c7300 JavaThread "main"                              [_thread_blocked, id=11972, stack(0x000000e93cd00000,0x000000e93ce00000) (1024K)]
  0x000001eb9c6e3600 JavaThread "Reference Handler"          daemon [_thread_blocked, id=26844, stack(0x000000e93d100000,0x000000e93d200000) (1024K)]
  0x000001eb9c6e5d50 JavaThread "Finalizer"                  daemon [_thread_blocked, id=14152, stack(0x000000e93d200000,0x000000e93d300000) (1024K)]
  0x000001eb9c6eb530 JavaThread "Signal Dispatcher"          daemon [_thread_blocked, id=32412, stack(0x000000e93d300000,0x000000e93d400000) (1024K)]
  0x000001eb9c6ee350 JavaThread "Attach Listener"            daemon [_thread_blocked, id=26852, stack(0x000000e93d400000,0x000000e93d500000) (1024K)]
  0x000001eb9c6f14f0 JavaThread "Service Thread"             daemon [_thread_blocked, id=36756, stack(0x000000e93d500000,0x000000e93d600000) (1024K)]
  0x000001eb9c6f4420 JavaThread "Monitor Deflation Thread"   daemon [_thread_blocked, id=35220, stack(0x000000e93d600000,0x000000e93d700000) (1024K)]
=>0x000001eb9c707ea0 JavaThread "C2 CompilerThread0"         daemon [_thread_in_native, id=14204, stack(0x000000e93d700000,0x000000e93d800000) (1024K)]
  0x000001eb9c70a7c0 JavaThread "C1 CompilerThread0"         daemon [_thread_blocked, id=35720, stack(0x000000e93d800000,0x000000e93d900000) (1024K)]
  0x000001ebf9129350 JavaThread "Common-Cleaner"             daemon [_thread_blocked, id=28780, stack(0x000000e93d900000,0x000000e93da00000) (1024K)]
  0x000001ebf9127910 JavaThread "Notification Thread"        daemon [_thread_blocked, id=27564, stack(0x000000e93da00000,0x000000e93db00000) (1024K)]
  0x000001ebf91299e0 JavaThread "Active Thread: Equinox Container: a3b267f7-06e6-438d-a752-b94086a67f0d"        [_thread_blocked, id=7092, stack(0x000000e93df00000,0x000000e93e000000) (1024K)]
  0x000001ebf9126560 JavaThread "Framework Event Dispatcher: Equinox Container: a3b267f7-06e6-438d-a752-b94086a67f0d" daemon [_thread_blocked, id=12840, stack(0x000000e93db00000,0x000000e93dc00000) (1024K)]
  0x000001ebf9127280 JavaThread "Start Level: Equinox Container: a3b267f7-06e6-438d-a752-b94086a67f0d" daemon [_thread_blocked, id=7572, stack(0x000000e93e000000,0x000000e93e100000) (1024K)]
  0x000001ebf9127fa0 JavaThread "SCR Component Actor"        daemon [_thread_blocked, id=36256, stack(0x000000e93e100000,0x000000e93e200000) (1024K)]
  0x000001ebf9128630 JavaThread "Worker-JM"                         [_thread_blocked, id=32552, stack(0x000000e93e300000,0x000000e93e400000) (1024K)]
  0x000001ebf9128cc0 JavaThread "JNA Cleaner"                daemon [_thread_blocked, id=23772, stack(0x000000e93e200000,0x000000e93e300000) (1024K)]
  0x000001ebf952c3f0 JavaThread "Worker-1"                          [_thread_blocked, id=37408, stack(0x000000e93e500000,0x000000e93e600000) (1024K)]
  0x000001ebf952d7a0 JavaThread "Thread-1"                   daemon [_thread_in_native, id=21372, stack(0x000000e93ea00000,0x000000e93eb00000) (1024K)]
  0x000001ebf952f1e0 JavaThread "Thread-2"                   daemon [_thread_in_native, id=23496, stack(0x000000e93eb00000,0x000000e93ec00000) (1024K)]
  0x000001ebf952ff00 JavaThread "Thread-3"                   daemon [_thread_in_native, id=11076, stack(0x000000e93ec00000,0x000000e93ed00000) (1024K)]
  0x000001ebf952f870 JavaThread "Thread-4"                   daemon [_thread_in_native, id=4020, stack(0x000000e93ed00000,0x000000e93ee00000) (1024K)]
  0x000001ebf952e4c0 JavaThread "Thread-5"                   daemon [_thread_in_native, id=27044, stack(0x000000e93ee00000,0x000000e93ef00000) (1024K)]
  0x000001ebf952eb50 JavaThread "pool-2-thread-1"                   [_thread_blocked, id=16732, stack(0x000000e93ef00000,0x000000e93f000000) (1024K)]
  0x000001ebf952ca80 JavaThread "Worker-2"                          [_thread_blocked, id=20588, stack(0x000000e93f000000,0x000000e93f100000) (1024K)]
  0x000001ebf9530590 JavaThread "WorkspaceEventsHandler"            [_thread_blocked, id=13252, stack(0x000000e93f100000,0x000000e93f200000) (1024K)]
  0x000001ebf952d110 JavaThread "pool-1-thread-1"                   [_thread_blocked, id=34736, stack(0x000000e93f200000,0x000000e93f300000) (1024K)]
  0x000001ebf9530c20 JavaThread "ForkJoinPool.commonPool-worker-5" daemon [_thread_blocked, id=16696, stack(0x000000e93ca00000,0x000000e93cb00000) (1024K)]
  0x000001ebf95312b0 JavaThread "ForkJoinPool.commonPool-worker-6" daemon [_thread_blocked, id=8872, stack(0x000000e93cc00000,0x000000e93cd00000) (1024K)]
  0x000001ebf952de30 JavaThread "ForkJoinPool.commonPool-worker-7" daemon [_thread_blocked, id=33056, stack(0x000000e93e400000,0x000000e93e500000) (1024K)]
  0x000001ebf9533a10 JavaThread "Worker-3"                          [_thread_blocked, id=18772, stack(0x000000e93e600000,0x000000e93e700000) (1024K)]
  0x000001ebf9532660 JavaThread "pool-1-thread-2"                   [_thread_blocked, id=31996, stack(0x000000e93e700000,0x000000e93e800000) (1024K)]
Total: 32

Other Threads:
  0x000001eb9c8ba460 VMThread "VM Thread"                           [id=24360, stack(0x000000e93d000000,0x000000e93d100000) (1024K)]
  0x000001eb9c68ca00 WatcherThread "VM Periodic Task Thread"        [id=17928, stack(0x000000e93cf00000,0x000000e93d000000) (1024K)]
  0x000001eb9c816490 WorkerThread "GC Thread#0"                     [id=12608, stack(0x000000e93ce00000,0x000000e93cf00000) (1024K)]
  0x000001ebf94c0e50 WorkerThread "GC Thread#1"                     [id=27060, stack(0x000000e93dc00000,0x000000e93dd00000) (1024K)]
  0x000001ebf9511a70 WorkerThread "GC Thread#2"                     [id=28524, stack(0x000000e93dd00000,0x000000e93de00000) (1024K)]
  0x000001ebf9511e20 WorkerThread "GC Thread#3"                     [id=32900, stack(0x000000e93de00000,0x000000e93df00000) (1024K)]
Total: 6

Threads with active compile tasks:
C2 CompilerThread0  866654 8636   !   4       org.eclipse.jdt.internal.core.NameLookup::seekTypesInBinaryPackage (399 bytes)
Total: 1

VM state: not at safepoint (normal execution)

VM Mutex/Monitor currently owned by a thread: None

Heap address: 0x0000000080000000, size: 2048 MB, Compressed Oops mode: 32-bit

CDS archive(s) mapped at: [0x000001ebb4000000-0x000001ebb4ba0000-0x000001ebb4ba0000), size 12189696, SharedBaseAddress: 0x000001ebb4000000, ArchiveRelocationMode: 1.
Compressed class space mapped at: 0x000001ebb5000000-0x000001ebf5000000, reserved size: 1073741824
Narrow klass base: 0x000001ebb4000000, Narrow klass shift: 0, Narrow klass range: 0x100000000

GC Precious Log:
 CardTable entry size: 512
 CPUs: 4 total, 4 available
 Memory: 16264M
 Large Page Support: Disabled
 NUMA Support: Disabled
 Compressed Oops: Enabled (32-bit)
 Alignments: Space 512K, Generation 512K, Heap 2M
 Heap Min Capacity: 100M
 Heap Initial Capacity: 100M
 Heap Max Capacity: 2G
 Pre-touch: Disabled
 Parallel Workers: 4

Heap:
 PSYoungGen      total 14848K, used 8512K [0x00000000d5580000, 0x00000000d6780000, 0x0000000100000000)
  eden space 11264K, 47% used [0x00000000d5580000,0x00000000d5ab5bd0,0x00000000d6080000)
  from space 3584K, 88% used [0x00000000d6180000,0x00000000d649a5d8,0x00000000d6500000)
  to   space 2560K, 0% used [0x00000000d6500000,0x00000000d6500000,0x00000000d6780000)
 ParOldGen       total 92672K, used 92457K [0x0000000080000000, 0x0000000085a80000, 0x00000000d5580000)
  object space 92672K, 99% used [0x0000000080000000,0x0000000085a4a7f0,0x0000000085a80000)
 Metaspace       used 48578K, committed 49728K, reserved 1114112K
  class space    used 4847K, committed 5376K, reserved 1048576K

Card table byte_map: [0x000001eb9c1a0000,0x000001eb9c5b0000] _byte_map_base: 0x000001eb9bda0000

Marking Bits: (ParMarkBitMap*) 0x00007ff990323450
 Begin Bits: [0x000001ebaecb0000, 0x000001ebb0cb0000)
 End Bits:   [0x000001ebb0cb0000, 0x000001ebb2cb0000)

Polling page: 0x000001eb9a470000

Metaspace:

Usage:
  Non-class:     42.71 MB used.
      Class:      4.73 MB used.
       Both:     47.44 MB used.

Virtual space:
  Non-class space:       64.00 MB reserved,      43.31 MB ( 68%) committed,  1 nodes.
      Class space:        1.00 GB reserved,       5.25 MB ( <1%) committed,  1 nodes.
             Both:        1.06 GB reserved,      48.56 MB (  4%) committed. 

Chunk freelists:
   Non-Class:  4.14 MB
       Class:  10.70 MB
        Both:  14.84 MB

MaxMetaspaceSize: unlimited
CompressedClassSpaceSize: 1.00 GB
Initial GC threshold: 21.00 MB
Current GC threshold: 58.38 MB
CDS: on
 - commit_granule_bytes: 65536.
 - commit_granule_words: 8192.
 - virtual_space_node_default_size: 8388608.
 - enlarge_chunks_in_place: 1.
 - use_allocation_guard: 0.


Internal statistics:

num_allocs_failed_limit: 6.
num_arena_births: 1010.
num_arena_deaths: 52.
num_vsnodes_births: 2.
num_vsnodes_deaths: 0.
num_space_committed: 777.
num_space_uncommitted: 0.
num_chunks_returned_to_freelist: 70.
num_chunks_taken_from_freelist: 3219.
num_chunk_merges: 15.
num_chunk_splits: 1985.
num_chunks_enlarged: 1191.
num_inconsistent_stats: 0.

CodeHeap 'non-profiled nmethods': size=120000Kb used=6454Kb max_used=6454Kb free=113545Kb
 bounds [0x000001eba74d0000, 0x000001eba7b20000, 0x000001ebaea00000]
CodeHeap 'profiled nmethods': size=120000Kb used=20190Kb max_used=20190Kb free=99809Kb
 bounds [0x000001eb9fa00000, 0x000001eba0dc0000, 0x000001eba6f30000]
CodeHeap 'non-nmethods': size=5760Kb used=1426Kb max_used=1512Kb free=4333Kb
 bounds [0x000001eba6f30000, 0x000001eba71a0000, 0x000001eba74d0000]
CodeCache: size=245760Kb, used=28070Kb, max_used=28156Kb, free=217687Kb
 total_blobs=8996, nmethods=8257, adapters=643, full_count=0
Compilation: enabled, stopped_count=0, restarted_count=0

Compilation events (20 events):
Event: 866.244 Thread 0x000001eb9c70a7c0 8651       3       org.eclipse.jdt.internal.compiler.parser.Parser::consumeMethodHeaderRightParen (425 bytes)
Event: 866.245 Thread 0x000001eb9c70a7c0 nmethod 8651 0x000001eba0dad110 code [0x000001eba0dad360, 0x000001eba0dae000]
Event: 866.245 Thread 0x000001eb9c70a7c0 8652       3       org.eclipse.jdt.internal.compiler.parser.diagnose.DiagnoseParser::parseCheck (520 bytes)
Event: 866.248 Thread 0x000001eb9c70a7c0 nmethod 8652 0x000001eba0dae390 code [0x000001eba0dae700, 0x000001eba0dafca0]
Event: 866.251 Thread 0x000001eb9c70a7c0 8653       1       org.eclipse.jdt.core.dom.VariableDeclarationFragment::getNodeType0 (3 bytes)
Event: 866.251 Thread 0x000001eb9c70a7c0 nmethod 8653 0x000001eba7b1ce90 code [0x000001eba7b1d020, 0x000001eba7b1d0e8]
Event: 866.252 Thread 0x000001eb9c70a7c0 8654       3       org.eclipse.jdt.core.dom.ASTConverter::convert (35 bytes)
Event: 866.252 Thread 0x000001eb9c70a7c0 nmethod 8654 0x000001eba0db0990 code [0x000001eba0db0ba0, 0x000001eba0db11b0]
Event: 866.253 Thread 0x000001eb9c70a7c0 8655       3       org.eclipse.jdt.core.dom.Statement::<init> (11 bytes)
Event: 866.253 Thread 0x000001eb9c70a7c0 nmethod 8655 0x000001eba0db1390 code [0x000001eba0db1540, 0x000001eba0db16a8]
Event: 866.254 Thread 0x000001eb9c70a7c0 8656       1       org.eclipse.jdt.core.dom.AST::setDefaultNodeFlag (6 bytes)
Event: 866.254 Thread 0x000001ebf94ae9f0 8657       4       org.eclipse.jdt.core.dom.ASTVisitor::postVisit (1 bytes)
Event: 866.254 Thread 0x000001eb9c70a7c0 nmethod 8656 0x000001eba7b1d190 code [0x000001eba7b1d320, 0x000001eba7b1d3e8]
Event: 866.254 Thread 0x000001ebf94ae9f0 nmethod 8657 0x000001eba7b1d490 code [0x000001eba7b1d620, 0x000001eba7b1d6a8]
Event: 866.256 Thread 0x000001ebf94ae9f0 8658       4       java.util.concurrent.locks.ReentrantReadWriteLock::readLock (5 bytes)
Event: 866.256 Thread 0x000001ebf94ae9f0 nmethod 8658 0x000001eba7b1d790 code [0x000001eba7b1d920, 0x000001eba7b1d9b0]
Event: 866.342 Thread 0x000001eb9c70a7c0 8659       3       org.eclipse.jdt.internal.compiler.parser.Parser::getTypeReference (70 bytes)
Event: 866.343 Thread 0x000001eb9c70a7c0 nmethod 8659 0x000001eba0db1790 code [0x000001eba0db19e0, 0x000001eba0db2560]
Event: 866.344 Thread 0x000001eb9c70a7c0 8660       3       org.eclipse.jdt.internal.compiler.ast.AbstractMethodDeclaration::arguments (5 bytes)
Event: 866.344 Thread 0x000001eb9c70a7c0 nmethod 8660 0x000001eba0db2810 code [0x000001eba0db29a0, 0x000001eba0db2ab0]

GC Heap History (20 events):
Event: 853.554 GC heap before
{Heap before GC invocations=44 (full 2):
 PSYoungGen      total 15360K, used 15357K [0x00000000d5580000, 0x00000000d6b80000, 0x0000000100000000)
  eden space 12288K, 100% used [0x00000000d5580000,0x00000000d6180000,0x00000000d6180000)
  from space 3072K, 99% used [0x00000000d6180000,0x00000000d647f5f8,0x00000000d6480000)
  to   space 5120K, 0% used [0x00000000d6680000,0x00000000d6680000,0x00000000d6b80000)
 ParOldGen       total 70144K, used 69819K [0x0000000080000000, 0x0000000084480000, 0x00000000d5580000)
  object space 70144K, 99% used [0x0000000080000000,0x000000008442ee08,0x0000000084480000)
 Metaspace       used 47743K, committed 49024K, reserved 1114112K
  class space    used 4772K, committed 5312K, reserved 1048576K
}
Event: 853.559 GC heap after
{Heap after GC invocations=44 (full 2):
 PSYoungGen      total 14848K, used 2371K [0x00000000d5580000, 0x00000000d6900000, 0x0000000100000000)
  eden space 12288K, 0% used [0x00000000d5580000,0x00000000d5580000,0x00000000d6180000)
  from space 2560K, 92% used [0x00000000d6680000,0x00000000d68d0da0,0x00000000d6900000)
  to   space 3584K, 0% used [0x00000000d6200000,0x00000000d6200000,0x00000000d6580000)
 ParOldGen       total 73216K, used 72847K [0x0000000080000000, 0x0000000084780000, 0x00000000d5580000)
  object space 73216K, 99% used [0x0000000080000000,0x0000000084723f50,0x0000000084780000)
 Metaspace       used 47743K, committed 49024K, reserved 1114112K
  class space    used 4772K, committed 5312K, reserved 1048576K
}
Event: 859.362 GC heap before
{Heap before GC invocations=45 (full 2):
 PSYoungGen      total 14848K, used 14659K [0x00000000d5580000, 0x00000000d6900000, 0x0000000100000000)
  eden space 12288K, 100% used [0x00000000d5580000,0x00000000d6180000,0x00000000d6180000)
  from space 2560K, 92% used [0x00000000d6680000,0x00000000d68d0da0,0x00000000d6900000)
  to   space 3584K, 0% used [0x00000000d6200000,0x00000000d6200000,0x00000000d6580000)
 ParOldGen       total 73216K, used 72847K [0x0000000080000000, 0x0000000084780000, 0x00000000d5580000)
  object space 73216K, 99% used [0x0000000080000000,0x0000000084723f50,0x0000000084780000)
 Metaspace       used 47924K, committed 49152K, reserved 1114112K
  class space    used 4784K, committed 5312K, reserved 1048576K
}
Event: 859.365 GC heap after
{Heap after GC invocations=45 (full 2):
 PSYoungGen      total 15872K, used 786K [0x00000000d5580000, 0x00000000d6700000, 0x0000000100000000)
  eden space 12288K, 0% used [0x00000000d5580000,0x00000000d5580000,0x00000000d6180000)
  from space 3584K, 21% used [0x00000000d6200000,0x00000000d62c4840,0x00000000d6580000)
  to   space 1536K, 0% used [0x00000000d6580000,0x00000000d6580000,0x00000000d6700000)
 ParOldGen       total 75264K, used 75126K [0x0000000080000000, 0x0000000084980000, 0x00000000d5580000)
  object space 75264K, 99% used [0x0000000080000000,0x000000008495d818,0x0000000084980000)
 Metaspace       used 47924K, committed 49152K, reserved 1114112K
  class space    used 4784K, committed 5312K, reserved 1048576K
}
Event: 859.405 GC heap before
{Heap before GC invocations=46 (full 2):
 PSYoungGen      total 15872K, used 13074K [0x00000000d5580000, 0x00000000d6700000, 0x0000000100000000)
  eden space 12288K, 100% used [0x00000000d5580000,0x00000000d6180000,0x00000000d6180000)
  from space 3584K, 21% used [0x00000000d6200000,0x00000000d62c4840,0x00000000d6580000)
  to   space 1536K, 0% used [0x00000000d6580000,0x00000000d6580000,0x00000000d6700000)
 ParOldGen       total 75264K, used 75126K [0x0000000080000000, 0x0000000084980000, 0x00000000d5580000)
  object space 75264K, 99% used [0x0000000080000000,0x000000008495d818,0x0000000084980000)
 Metaspace       used 47925K, committed 49152K, reserved 1114112K
  class space    used 4784K, committed 5312K, reserved 1048576K
}
Event: 859.409 GC heap after
{Heap after GC invocations=46 (full 2):
 PSYoungGen      total 12800K, used 1532K [0x00000000d5580000, 0x00000000d6b80000, 0x0000000100000000)
  eden space 11264K, 0% used [0x00000000d5580000,0x00000000d5580000,0x00000000d6080000)
  from space 1536K, 99% used [0x00000000d6580000,0x00000000d66ff070,0x00000000d6700000)
  to   space 5120K, 0% used [0x00000000d6080000,0x00000000d6080000,0x00000000d6580000)
 ParOldGen       total 78336K, used 77900K [0x0000000080000000, 0x0000000084c80000, 0x00000000d5580000)
  object space 78336K, 99% used [0x0000000080000000,0x0000000084c13160,0x0000000084c80000)
 Metaspace       used 47925K, committed 49152K, reserved 1114112K
  class space    used 4784K, committed 5312K, reserved 1048576K
}
Event: 859.477 GC heap before
{Heap before GC invocations=47 (full 2):
 PSYoungGen      total 12800K, used 12796K [0x00000000d5580000, 0x00000000d6b80000, 0x0000000100000000)
  eden space 11264K, 100% used [0x00000000d5580000,0x00000000d6080000,0x00000000d6080000)
  from space 1536K, 99% used [0x00000000d6580000,0x00000000d66ff070,0x00000000d6700000)
  to   space 5120K, 0% used [0x00000000d6080000,0x00000000d6080000,0x00000000d6580000)
 ParOldGen       total 78336K, used 77900K [0x0000000080000000, 0x0000000084c80000, 0x00000000d5580000)
  object space 78336K, 99% used [0x0000000080000000,0x0000000084c13160,0x0000000084c80000)
 Metaspace       used 47925K, committed 49152K, reserved 1114112K
  class space    used 4784K, committed 5312K, reserved 1048576K
}
Event: 859.481 GC heap after
{Heap after GC invocations=47 (full 2):
 PSYoungGen      total 14848K, used 3159K [0x00000000d5580000, 0x00000000d6780000, 0x0000000100000000)
  eden space 11264K, 0% used [0x00000000d5580000,0x00000000d5580000,0x00000000d6080000)
  from space 3584K, 88% used [0x00000000d6080000,0x00000000d6395d88,0x00000000d6400000)
  to   space 3584K, 0% used [0x00000000d6400000,0x00000000d6400000,0x00000000d6780000)
 ParOldGen       total 79872K, used 79395K [0x0000000080000000, 0x0000000084e00000, 0x00000000d5580000)
  object space 79872K, 99% used [0x0000000080000000,0x0000000084d88e78,0x0000000084e00000)
 Metaspace       used 47925K, committed 49152K, reserved 1114112K
  class space    used 4784K, committed 5312K, reserved 1048576K
}
Event: 859.575 GC heap before
{Heap before GC invocations=48 (full 2):
 PSYoungGen      total 14848K, used 14423K [0x00000000d5580000, 0x00000000d6780000, 0x0000000100000000)
  eden space 11264K, 100% used [0x00000000d5580000,0x00000000d6080000,0x00000000d6080000)
  from space 3584K, 88% used [0x00000000d6080000,0x00000000d6395d88,0x00000000d6400000)
  to   space 3584K, 0% used [0x00000000d6400000,0x00000000d6400000,0x00000000d6780000)
 ParOldGen       total 79872K, used 79395K [0x0000000080000000, 0x0000000084e00000, 0x00000000d5580000)
  object space 79872K, 99% used [0x0000000080000000,0x0000000084d88e78,0x0000000084e00000)
 Metaspace       used 47951K, committed 49152K, reserved 1114112K
  class space    used 4784K, committed 5312K, reserved 1048576K
}
Event: 859.580 GC heap after
{Heap after GC invocations=48 (full 2):
 PSYoungGen      total 14848K, used 3001K [0x00000000d5580000, 0x00000000d6780000, 0x0000000100000000)
  eden space 11264K, 0% used [0x00000000d5580000,0x00000000d5580000,0x00000000d6080000)
  from space 3584K, 83% used [0x00000000d6400000,0x00000000d66ee6f8,0x00000000d6780000)
  to   space 3584K, 0% used [0x00000000d6080000,0x00000000d6080000,0x00000000d6400000)
 ParOldGen       total 82944K, used 82677K [0x0000000080000000, 0x0000000085100000, 0x00000000d5580000)
  object space 82944K, 99% used [0x0000000080000000,0x00000000850bd7a8,0x0000000085100000)
 Metaspace       used 47951K, committed 49152K, reserved 1114112K
  class space    used 4784K, committed 5312K, reserved 1048576K
}
Event: 860.696 GC heap before
{Heap before GC invocations=49 (full 2):
 PSYoungGen      total 14848K, used 14265K [0x00000000d5580000, 0x00000000d6780000, 0x0000000100000000)
  eden space 11264K, 100% used [0x00000000d5580000,0x00000000d6080000,0x00000000d6080000)
  from space 3584K, 83% used [0x00000000d6400000,0x00000000d66ee6f8,0x00000000d6780000)
  to   space 3584K, 0% used [0x00000000d6080000,0x00000000d6080000,0x00000000d6400000)
 ParOldGen       total 82944K, used 82677K [0x0000000080000000, 0x0000000085100000, 0x00000000d5580000)
  object space 82944K, 99% used [0x0000000080000000,0x00000000850bd7a8,0x0000000085100000)
 Metaspace       used 48461K, committed 49664K, reserved 1114112K
  class space    used 4846K, committed 5376K, reserved 1048576K
}
Event: 860.700 GC heap after
{Heap after GC invocations=49 (full 2):
 PSYoungGen      total 12288K, used 848K [0x00000000d5580000, 0x00000000d6480000, 0x0000000100000000)
  eden space 11264K, 0% used [0x00000000d5580000,0x00000000d5580000,0x00000000d6080000)
  from space 1024K, 82% used [0x00000000d6080000,0x00000000d6154010,0x00000000d6180000)
  to   space 2048K, 0% used [0x00000000d6280000,0x00000000d6280000,0x00000000d6480000)
 ParOldGen       total 85504K, used 85433K [0x0000000080000000, 0x0000000085380000, 0x00000000d5580000)
  object space 85504K, 99% used [0x0000000080000000,0x000000008536e7a0,0x0000000085380000)
 Metaspace       used 48461K, committed 49664K, reserved 1114112K
  class space    used 4846K, committed 5376K, reserved 1048576K
}
Event: 866.024 GC heap before
{Heap before GC invocations=50 (full 2):
 PSYoungGen      total 12288K, used 12112K [0x00000000d5580000, 0x00000000d6480000, 0x0000000100000000)
  eden space 11264K, 100% used [0x00000000d5580000,0x00000000d6080000,0x00000000d6080000)
  from space 1024K, 82% used [0x00000000d6080000,0x00000000d6154010,0x00000000d6180000)
  to   space 2048K, 0% used [0x00000000d6280000,0x00000000d6280000,0x00000000d6480000)
 ParOldGen       total 85504K, used 85433K [0x0000000080000000, 0x0000000085380000, 0x00000000d5580000)
  object space 85504K, 99% used [0x0000000080000000,0x000000008536e7a0,0x0000000085380000)
 Metaspace       used 48568K, committed 49728K, reserved 1114112K
  class space    used 4847K, committed 5376K, reserved 1048576K
}
Event: 866.026 GC heap after
{Heap after GC invocations=50 (full 2):
 PSYoungGen      total 12288K, used 840K [0x00000000d5580000, 0x00000000d6380000, 0x0000000100000000)
  eden space 11264K, 0% used [0x00000000d5580000,0x00000000d5580000,0x00000000d6080000)
  from space 1024K, 82% used [0x00000000d6280000,0x00000000d6352110,0x00000000d6380000)
  to   space 1024K, 0% used [0x00000000d6080000,0x00000000d6080000,0x00000000d6180000)
 ParOldGen       total 86016K, used 85546K [0x0000000080000000, 0x0000000085400000, 0x00000000d5580000)
  object space 86016K, 99% used [0x0000000080000000,0x000000008538aa90,0x0000000085400000)
 Metaspace       used 48568K, committed 49728K, reserved 1114112K
  class space    used 4847K, committed 5376K, reserved 1048576K
}
Event: 866.071 GC heap before
{Heap before GC invocations=51 (full 2):
 PSYoungGen      total 12288K, used 12104K [0x00000000d5580000, 0x00000000d6380000, 0x0000000100000000)
  eden space 11264K, 100% used [0x00000000d5580000,0x00000000d6080000,0x00000000d6080000)
  from space 1024K, 82% used [0x00000000d6280000,0x00000000d6352110,0x00000000d6380000)
  to   space 1024K, 0% used [0x00000000d6080000,0x00000000d6080000,0x00000000d6180000)
 ParOldGen       total 86016K, used 85546K [0x0000000080000000, 0x0000000085400000, 0x00000000d5580000)
  object space 86016K, 99% used [0x0000000080000000,0x000000008538aa90,0x0000000085400000)
 Metaspace       used 48568K, committed 49728K, reserved 1114112K
  class space    used 4847K, committed 5376K, reserved 1048576K
}
Event: 866.074 GC heap after
{Heap after GC invocations=51 (full 2):
 PSYoungGen      total 12288K, used 1008K [0x00000000d5580000, 0x00000000d6980000, 0x0000000100000000)
  eden space 11264K, 0% used [0x00000000d5580000,0x00000000d5580000,0x00000000d6080000)
  from space 1024K, 98% used [0x00000000d6080000,0x00000000d617c0d8,0x00000000d6180000)
  to   space 4608K, 0% used [0x00000000d6500000,0x00000000d6500000,0x00000000d6980000)
 ParOldGen       total 88576K, used 88282K [0x0000000080000000, 0x0000000085680000, 0x00000000d5580000)
  object space 88576K, 99% used [0x0000000080000000,0x0000000085636bf8,0x0000000085680000)
 Metaspace       used 48568K, committed 49728K, reserved 1114112K
  class space    used 4847K, committed 5376K, reserved 1048576K
}
Event: 866.122 GC heap before
{Heap before GC invocations=52 (full 2):
 PSYoungGen      total 12288K, used 12272K [0x00000000d5580000, 0x00000000d6980000, 0x0000000100000000)
  eden space 11264K, 100% used [0x00000000d5580000,0x00000000d6080000,0x00000000d6080000)
  from space 1024K, 98% used [0x00000000d6080000,0x00000000d617c0d8,0x00000000d6180000)
  to   space 4608K, 0% used [0x00000000d6500000,0x00000000d6500000,0x00000000d6980000)
 ParOldGen       total 88576K, used 88282K [0x0000000080000000, 0x0000000085680000, 0x00000000d5580000)
  object space 88576K, 99% used [0x0000000080000000,0x0000000085636bf8,0x0000000085680000)
 Metaspace       used 48568K, committed 49728K, reserved 1114112K
  class space    used 4847K, committed 5376K, reserved 1048576K
}
Event: 866.126 GC heap after
{Heap after GC invocations=52 (full 2):
 PSYoungGen      total 14848K, used 3214K [0x00000000d5580000, 0x00000000d6880000, 0x0000000100000000)
  eden space 11264K, 0% used [0x00000000d5580000,0x00000000d5580000,0x00000000d6080000)
  from space 3584K, 89% used [0x00000000d6500000,0x00000000d6823b90,0x00000000d6880000)
  to   space 3584K, 0% used [0x00000000d6180000,0x00000000d6180000,0x00000000d6500000)
 ParOldGen       total 89600K, used 89264K [0x0000000080000000, 0x0000000085780000, 0x00000000d5580000)
  object space 89600K, 99% used [0x0000000080000000,0x000000008572c078,0x0000000085780000)
 Metaspace       used 48568K, committed 49728K, reserved 1114112K
  class space    used 4847K, committed 5376K, reserved 1048576K
}
Event: 866.194 GC heap before
{Heap before GC invocations=53 (full 2):
 PSYoungGen      total 14848K, used 14478K [0x00000000d5580000, 0x00000000d6880000, 0x0000000100000000)
  eden space 11264K, 100% used [0x00000000d5580000,0x00000000d6080000,0x00000000d6080000)
  from space 3584K, 89% used [0x00000000d6500000,0x00000000d6823b90,0x00000000d6880000)
  to   space 3584K, 0% used [0x00000000d6180000,0x00000000d6180000,0x00000000d6500000)
 ParOldGen       total 89600K, used 89264K [0x0000000080000000, 0x0000000085780000, 0x00000000d5580000)
  object space 89600K, 99% used [0x0000000080000000,0x000000008572c078,0x0000000085780000)
 Metaspace       used 48568K, committed 49728K, reserved 1114112K
  class space    used 4847K, committed 5376K, reserved 1048576K
}
Event: 866.200 GC heap after
{Heap after GC invocations=53 (full 2):
 PSYoungGen      total 14848K, used 3177K [0x00000000d5580000, 0x00000000d6780000, 0x0000000100000000)
  eden space 11264K, 0% used [0x00000000d5580000,0x00000000d5580000,0x00000000d6080000)
  from space 3584K, 88% used [0x00000000d6180000,0x00000000d649a5d8,0x00000000d6500000)
  to   space 2560K, 0% used [0x00000000d6500000,0x00000000d6500000,0x00000000d6780000)
 ParOldGen       total 92672K, used 92457K [0x0000000080000000, 0x0000000085a80000, 0x00000000d5580000)
  object space 92672K, 99% used [0x0000000080000000,0x0000000085a4a7f0,0x0000000085a80000)
 Metaspace       used 48568K, committed 49728K, reserved 1114112K
  class space    used 4847K, committed 5376K, reserved 1048576K
}

Dll operation events (10 events):
Event: 0.145 Loaded shared library c:\Users\Friends\.vscode\extensions\redhat.java-1.53.0-win32-x64\jre\21.0.10-win32-x86_64\bin\java.dll
Event: 0.261 Loaded shared library c:\Users\Friends\.vscode\extensions\redhat.java-1.53.0-win32-x64\jre\21.0.10-win32-x86_64\bin\zip.dll
Event: 0.296 Loaded shared library C:\Users\Friends\.vscode\extensions\redhat.java-1.53.0-win32-x64\jre\21.0.10-win32-x86_64\bin\instrument.dll
Event: 0.359 Loaded shared library C:\Users\Friends\.vscode\extensions\redhat.java-1.53.0-win32-x64\jre\21.0.10-win32-x86_64\bin\net.dll
Event: 0.420 Loaded shared library C:\Users\Friends\.vscode\extensions\redhat.java-1.53.0-win32-x64\jre\21.0.10-win32-x86_64\bin\nio.dll
Event: 0.424 Loaded shared library C:\Users\Friends\.vscode\extensions\redhat.java-1.53.0-win32-x64\jre\21.0.10-win32-x86_64\bin\zip.dll
Event: 0.483 Loaded shared library C:\Users\Friends\.vscode\extensions\redhat.java-1.53.0-win32-x64\jre\21.0.10-win32-x86_64\bin\jimage.dll
Event: 0.699 Loaded shared library c:\Users\Friends\.vscode\extensions\redhat.java-1.53.0-win32-x64\jre\21.0.10-win32-x86_64\bin\verify.dll
Event: 11.422 Loaded shared library C:\Users\Friends\AppData\Roaming\Code\User\globalStorage\redhat.java\1.53.0\config_ss_win\org.eclipse.equinox.launcher\org.eclipse.equinox.launcher.win32.win32.x86_64_1.3.0.v20260203-2149\eclipse_11919.dll
Event: 12.767 Loaded shared library C:\Users\Friends\AppData\Local\Temp\jna-1064558965\jna3134712014425854969.dll

Deoptimization events (20 events):
Event: 866.020 Thread 0x000001ebf952de30 DEOPT PACKING pc=0x000001eba7896960 sp=0x000000e93e4fe1c0
Event: 866.020 Thread 0x000001ebf952de30 DEOPT UNPACKING pc=0x000001eba6f83aa2 sp=0x000000e93e4fe1b8 mode 2
Event: 866.020 Thread 0x000001ebf952de30 Uncommon trap: trap_request=0xffffffde fr.pc=0x000001eba7896960 relative=0x0000000000005440
Event: 866.020 Thread 0x000001ebf952de30 Uncommon trap: reason=class_check action=maybe_recompile pc=0x000001eba7896960 method=org.eclipse.jdt.internal.core.NameLookup.seekTypesInBinaryPackage(Ljava/lang/String;Lorg/eclipse/jdt/core/IPackageFragment;ZILorg/eclipse/jdt/internal/core/IJavaElementR
Event: 866.020 Thread 0x000001ebf952de30 DEOPT PACKING pc=0x000001eba7896960 sp=0x000000e93e4fe1c0
Event: 866.020 Thread 0x000001ebf952de30 DEOPT UNPACKING pc=0x000001eba6f83aa2 sp=0x000000e93e4fe1b8 mode 2
Event: 866.020 Thread 0x000001ebf952de30 Uncommon trap: trap_request=0xffffffde fr.pc=0x000001eba7896960 relative=0x0000000000005440
Event: 866.020 Thread 0x000001ebf952de30 Uncommon trap: reason=class_check action=maybe_recompile pc=0x000001eba7896960 method=org.eclipse.jdt.internal.core.NameLookup.seekTypesInBinaryPackage(Ljava/lang/String;Lorg/eclipse/jdt/core/IPackageFragment;ZILorg/eclipse/jdt/internal/core/IJavaElementR
Event: 866.020 Thread 0x000001ebf952de30 DEOPT PACKING pc=0x000001eba7896960 sp=0x000000e93e4fe1c0
Event: 866.020 Thread 0x000001ebf952de30 DEOPT UNPACKING pc=0x000001eba6f83aa2 sp=0x000000e93e4fe1b8 mode 2
Event: 866.043 Thread 0x000001ebf952de30 DEOPT PACKING pc=0x000001eba052c8d2 sp=0x000000e93e4fe0b0
Event: 866.043 Thread 0x000001ebf952de30 DEOPT UNPACKING pc=0x000001eba6f84242 sp=0x000000e93e4fd508 mode 0
Event: 866.169 Thread 0x000001ebf952de30 Uncommon trap: trap_request=0xffffff45 fr.pc=0x000001eba798e87c relative=0x00000000000004dc
Event: 866.169 Thread 0x000001ebf952de30 Uncommon trap: reason=unstable_if action=reinterpret pc=0x000001eba798e87c method=org.eclipse.jdt.internal.core.SourceRefElement.equals(Ljava/lang/Object;)Z @ 33 c2
Event: 866.169 Thread 0x000001ebf952de30 DEOPT PACKING pc=0x000001eba798e87c sp=0x000000e93e4fdd70
Event: 866.169 Thread 0x000001ebf952de30 DEOPT UNPACKING pc=0x000001eba6f83aa2 sp=0x000000e93e4fdd18 mode 2
Event: 866.211 Thread 0x000001ebf952de30 Uncommon trap: trap_request=0xffffff45 fr.pc=0x000001eba7ab8a24 relative=0x0000000000000424
Event: 866.211 Thread 0x000001ebf952de30 Uncommon trap: reason=unstable_if action=reinterpret pc=0x000001eba7ab8a24 method=org.eclipse.jdt.internal.core.CompilationUnit.equals(Ljava/lang/Object;)Z @ 36 c2
Event: 866.211 Thread 0x000001ebf952de30 DEOPT PACKING pc=0x000001eba7ab8a24 sp=0x000000e93e4fe0f0
Event: 866.211 Thread 0x000001ebf952de30 DEOPT UNPACKING pc=0x000001eba6f83aa2 sp=0x000000e93e4fe088 mode 2

Classes loaded (20 events):
Event: 816.649 Loading class sun/util/logging/resources/logging_en
Event: 816.649 Loading class sun/util/logging/resources/logging_en done
Event: 816.649 Loading class sun/util/logging/resources/logging_en_US
Event: 816.649 Loading class sun/util/logging/resources/logging_en_US done
Event: 816.649 Loading class sun/util/logging/resources/logging_en_US
Event: 816.649 Loading class sun/util/logging/resources/logging_en_US done
Event: 816.650 Loading class java/util/Formatter$DateTime
Event: 816.650 Loading class java/util/Formatter$DateTime done
Event: 816.650 Loading class java/time/ZonedDateTime$1
Event: 816.650 Loading class java/time/ZonedDateTime$1 done
Event: 816.825 Loading class java/util/stream/DistinctOps
Event: 816.825 Loading class java/util/stream/DistinctOps done
Event: 816.825 Loading class java/util/stream/DistinctOps$1
Event: 816.826 Loading class java/util/stream/DistinctOps$1 done
Event: 816.829 Loading class java/util/stream/DistinctOps$1$2
Event: 816.829 Loading class java/util/stream/DistinctOps$1$2 done
Event: 827.294 Loading class java/util/function/IntPredicate
Event: 827.294 Loading class java/util/function/IntPredicate done
Event: 827.312 Loading class java/util/regex/Pattern$Bound
Event: 827.312 Loading class java/util/regex/Pattern$Bound done

Classes unloaded (20 events):
Event: 13.485 Thread 0x000001eb9c8ba460 Unloading class 0x000001ebb518a400 'java/lang/invoke/LambdaForm$DMH+0x000001ebb518a400'
Event: 17.296 Thread 0x000001eb9c8ba460 Unloading class 0x000001ebb53bb800 'java/lang/invoke/LambdaForm$MH+0x000001ebb53bb800'
Event: 17.296 Thread 0x000001eb9c8ba460 Unloading class 0x000001ebb53bac00 'java/lang/invoke/LambdaForm$MH+0x000001ebb53bac00'
Event: 17.296 Thread 0x000001eb9c8ba460 Unloading class 0x000001ebb53ba800 'java/lang/invoke/LambdaForm$DMH+0x000001ebb53ba800'
Event: 17.296 Thread 0x000001eb9c8ba460 Unloading class 0x000001ebb53b9800 'java/lang/invoke/LambdaForm$MH+0x000001ebb53b9800'
Event: 17.296 Thread 0x000001eb9c8ba460 Unloading class 0x000001ebb53b9000 'java/lang/invoke/LambdaForm$MH+0x000001ebb53b9000'
Event: 17.296 Thread 0x000001eb9c8ba460 Unloading class 0x000001ebb53b8800 'java/lang/invoke/LambdaForm$MH+0x000001ebb53b8800'
Event: 17.296 Thread 0x000001eb9c8ba460 Unloading class 0x000001ebb53abc00 'java/lang/invoke/LambdaForm$MH+0x000001ebb53abc00'
Event: 17.296 Thread 0x000001eb9c8ba460 Unloading class 0x000001ebb53aa000 'java/lang/invoke/LambdaForm$MH+0x000001ebb53aa000'
Event: 17.296 Thread 0x000001eb9c8ba460 Unloading class 0x000001ebb53a9400 'java/lang/invoke/LambdaForm$MH+0x000001ebb53a9400'
Event: 17.296 Thread 0x000001eb9c8ba460 Unloading class 0x000001ebb53a8800 'java/lang/invoke/LambdaForm$MH+0x000001ebb53a8800'
Event: 17.296 Thread 0x000001eb9c8ba460 Unloading class 0x000001ebb53a7400 'java/lang/invoke/LambdaForm$MH+0x000001ebb53a7400'
Event: 17.296 Thread 0x000001eb9c8ba460 Unloading class 0x000001ebb53a3c00 'java/lang/invoke/LambdaForm$MH+0x000001ebb53a3c00'
Event: 17.296 Thread 0x000001eb9c8ba460 Unloading class 0x000001ebb53a3800 'java/lang/invoke/LambdaForm$MH+0x000001ebb53a3800'
Event: 17.296 Thread 0x000001eb9c8ba460 Unloading class 0x000001ebb53a2c00 'java/lang/invoke/LambdaForm$MH+0x000001ebb53a2c00'
Event: 17.296 Thread 0x000001eb9c8ba460 Unloading class 0x000001ebb53a2400 'java/lang/invoke/LambdaForm$MH+0x000001ebb53a2400'
Event: 17.296 Thread 0x000001eb9c8ba460 Unloading class 0x000001ebb53a1c00 'java/lang/invoke/LambdaForm$MH+0x000001ebb53a1c00'
Event: 17.296 Thread 0x000001eb9c8ba460 Unloading class 0x000001ebb53a1400 'java/lang/invoke/LambdaForm$MH+0x000001ebb53a1400'
Event: 17.296 Thread 0x000001eb9c8ba460 Unloading class 0x000001ebb53a1000 'java/lang/invoke/LambdaForm$MH+0x000001ebb53a1000'
Event: 17.296 Thread 0x000001eb9c8ba460 Unloading class 0x000001ebb53a0800 'java/lang/invoke/LambdaForm$DMH+0x000001ebb53a0800'

Classes redefined (0 events):
No events

Internal exceptions (20 events):
Event: 852.764 Thread 0x000001ebf95312b0 Exception <a 'java/lang/ArrayIndexOutOfBoundsException'{0x00000000d57f3578}> (0x00000000d57f3578) 
thrown [s\src\hotspot\share\runtime\sharedRuntime.cpp, line 625]
Event: 852.764 Thread 0x000001ebf95312b0 Exception <a 'java/lang/ArrayIndexOutOfBoundsException'{0x00000000d57f38f0}> (0x00000000d57f38f0) 
thrown [s\src\hotspot\share\runtime\sharedRuntime.cpp, line 625]
Event: 852.764 Thread 0x000001ebf95312b0 Exception <a 'java/lang/ArrayIndexOutOfBoundsException'{0x00000000d57f3c68}> (0x00000000d57f3c68) 
thrown [s\src\hotspot\share\runtime\sharedRuntime.cpp, line 625]
Event: 853.294 Thread 0x000001ebf95312b0 Exception <a 'java/io/FileNotFoundException'{0x00000000d5f8e658}> (0x00000000d5f8e658) 
thrown [s\src\hotspot\share\prims\jni.cpp, line 520]
Event: 853.294 Thread 0x000001ebf95312b0 Exception <a 'java/io/FileNotFoundException'{0x00000000d5f8f3e0}> (0x00000000d5f8f3e0) 
thrown [s\src\hotspot\share\prims\jni.cpp, line 520]
Event: 853.914 Thread 0x000001ebf9530c20 Exception <a 'java/lang/ArrayIndexOutOfBoundsException'{0x00000000d5692a28}> (0x00000000d5692a28) 
thrown [s\src\hotspot\share\runtime\sharedRuntime.cpp, line 625]
Event: 853.914 Thread 0x000001ebf9530c20 Exception <a 'java/lang/ArrayIndexOutOfBoundsException'{0x00000000d5692da0}> (0x00000000d5692da0) 
thrown [s\src\hotspot\share\runtime\sharedRuntime.cpp, line 625]
Event: 853.914 Thread 0x000001ebf9530c20 Exception <a 'java/lang/ArrayIndexOutOfBoundsException'{0x00000000d5693118}> (0x00000000d5693118) 
thrown [s\src\hotspot\share\runtime\sharedRuntime.cpp, line 625]
Event: 853.929 Thread 0x000001ebf9530c20 Exception <a 'java/lang/ArrayIndexOutOfBoundsException'{0x00000000d5710a88}> (0x00000000d5710a88) 
thrown [s\src\hotspot\share\runtime\sharedRuntime.cpp, line 625]
Event: 853.929 Thread 0x000001ebf9530c20 Exception <a 'java/lang/ArrayIndexOutOfBoundsException'{0x00000000d5710db0}> (0x00000000d5710db0) 
thrown [s\src\hotspot\share\runtime\sharedRuntime.cpp, line 625]
Event: 859.232 Thread 0x000001ebf952de30 Exception <a 'java/lang/ArrayIndexOutOfBoundsException'{0x00000000d5f58e58}> (0x00000000d5f58e58) 
thrown [s\src\hotspot\share\runtime\sharedRuntime.cpp, line 625]
Event: 859.250 Thread 0x000001ebf952de30 Exception <a 'java/lang/ArrayIndexOutOfBoundsException'{0x00000000d5fe8938}> (0x00000000d5fe8938) 
thrown [s\src\hotspot\share\runtime\sharedRuntime.cpp, line 625]
Event: 859.251 Thread 0x000001ebf952de30 Exception <a 'java/lang/ArrayIndexOutOfBoundsException'{0x00000000d5fef750}> (0x00000000d5fef750) 
thrown [s\src\hotspot\share\runtime\sharedRuntime.cpp, line 625]
Event: 859.251 Thread 0x000001ebf952de30 Exception <a 'java/lang/ArrayIndexOutOfBoundsException'{0x00000000d5fefa78}> (0x00000000d5fefa78) 
thrown [s\src\hotspot\share\runtime\sharedRuntime.cpp, line 625]
Event: 860.390 Thread 0x000001ebf9530c20 Exception <a 'java/lang/ArrayIndexOutOfBoundsException'{0x00000000d596ea00}> (0x00000000d596ea00) 
thrown [s\src\hotspot\share\runtime\sharedRuntime.cpp, line 625]
Event: 860.426 Thread 0x000001ebf9530c20 Implicit null exception at 0x000001eba79b175a to 0x000001eba79b17b3
Event: 865.904 Thread 0x000001ebf952de30 Exception <a 'java/lang/ArrayIndexOutOfBoundsException'{0x00000000d5e75ad8}> (0x00000000d5e75ad8) 
thrown [s\src\hotspot\share\runtime\sharedRuntime.cpp, line 625]
Event: 865.911 Thread 0x000001ebf952de30 Exception <a 'java/lang/ArrayIndexOutOfBoundsException'{0x00000000d5ed96d0}> (0x00000000d5ed96d0) 
thrown [s\src\hotspot\share\runtime\sharedRuntime.cpp, line 625]
Event: 865.911 Thread 0x000001ebf952de30 Exception <a 'java/lang/ArrayIndexOutOfBoundsException'{0x00000000d5eda9a8}> (0x00000000d5eda9a8) 
thrown [s\src\hotspot\share\runtime\sharedRuntime.cpp, line 625]
Event: 865.911 Thread 0x000001ebf952de30 Exception <a 'java/lang/ArrayIndexOutOfBoundsException'{0x00000000d5edacd0}> (0x00000000d5edacd0) 
thrown [s\src\hotspot\share\runtime\sharedRuntime.cpp, line 625]

ZGC Phase Switch (0 events):
No events

VM Operations (20 events):
Event: 860.429 Executing non-safepoint VM operation: HandshakeAllThreads (Deoptimize)
Event: 860.429 Executing non-safepoint VM operation: HandshakeAllThreads (Deoptimize) done
Event: 860.696 Executing safepoint VM operation: ParallelGCFailedAllocation (Allocation Failure)
Event: 860.700 Executing safepoint VM operation: ParallelGCFailedAllocation (Allocation Failure) done
Event: 862.705 Executing safepoint VM operation: Cleanup
Event: 862.705 Executing safepoint VM operation: Cleanup done
Event: 863.708 Executing safepoint VM operation: Cleanup
Event: 863.708 Executing safepoint VM operation: Cleanup done
Event: 864.709 Executing safepoint VM operation: Cleanup
Event: 864.709 Executing safepoint VM operation: Cleanup done
Event: 865.721 Executing safepoint VM operation: Cleanup
Event: 865.721 Executing safepoint VM operation: Cleanup done
Event: 866.024 Executing safepoint VM operation: ParallelGCFailedAllocation (Allocation Failure)
Event: 866.026 Executing safepoint VM operation: ParallelGCFailedAllocation (Allocation Failure) done
Event: 866.071 Executing safepoint VM operation: ParallelGCFailedAllocation (Allocation Failure)
Event: 866.074 Executing safepoint VM operation: ParallelGCFailedAllocation (Allocation Failure) done
Event: 866.122 Executing safepoint VM operation: ParallelGCFailedAllocation (Allocation Failure)
Event: 866.126 Executing safepoint VM operation: ParallelGCFailedAllocation (Allocation Failure) done
Event: 866.194 Executing safepoint VM operation: ParallelGCFailedAllocation (Allocation Failure)
Event: 866.200 Executing safepoint VM operation: ParallelGCFailedAllocation (Allocation Failure) done

Memory protections (0 events):
No events

Nmethod flushes (20 events):
Event: 17.308 Thread 0x000001eb9c8ba460 flushing  nmethod 0x000001eb9fd5b890
Event: 17.308 Thread 0x000001eb9c8ba460 flushing  nmethod 0x000001eb9fd5bb90
Event: 17.308 Thread 0x000001eb9c8ba460 flushing  nmethod 0x000001eb9fd6c390
Event: 17.308 Thread 0x000001eb9c8ba460 flushing  nmethod 0x000001eb9fd75690
Event: 17.308 Thread 0x000001eb9c8ba460 flushing  nmethod 0x000001eb9fde0790
Event: 17.308 Thread 0x000001eb9c8ba460 flushing  nmethod 0x000001eb9fde3a90
Event: 17.308 Thread 0x000001eb9c8ba460 flushing  nmethod 0x000001eb9fe3e910
Event: 17.308 Thread 0x000001eb9c8ba460 flushing  nmethod 0x000001eb9fe41310
Event: 17.308 Thread 0x000001eb9c8ba460 flushing  nmethod 0x000001eb9fe5b710
Event: 17.308 Thread 0x000001eb9c8ba460 flushing  nmethod 0x000001eb9fe5c110
Event: 17.308 Thread 0x000001eb9c8ba460 flushing  nmethod 0x000001eb9fe62910
Event: 17.308 Thread 0x000001eb9c8ba460 flushing  nmethod 0x000001eb9fe8e390
Event: 17.308 Thread 0x000001eb9c8ba460 flushing  nmethod 0x000001eb9fe98f10
Event: 17.308 Thread 0x000001eb9c8ba460 flushing  nmethod 0x000001eb9fe99210
Event: 17.308 Thread 0x000001eb9c8ba460 flushing  nmethod 0x000001eb9fe9c290
Event: 17.308 Thread 0x000001eb9c8ba460 flushing  nmethod 0x000001eb9fed3690
Event: 17.308 Thread 0x000001eb9c8ba460 flushing  nmethod 0x000001eb9fed3c90
Event: 17.308 Thread 0x000001eb9c8ba460 flushing  nmethod 0x000001eb9fee3590
Event: 17.308 Thread 0x000001eb9c8ba460 flushing  nmethod 0x000001eb9fee5f90
Event: 17.308 Thread 0x000001eb9c8ba460 flushing  nmethod 0x000001eb9fee7910

Events (20 events):
Event: 816.899 Thread 0x000001ebf94ae9f0 Thread exited: 0x000001ebf94ae9f0
Event: 816.920 Thread 0x000001eb9c70a7c0 Thread added: 0x000001ebf94ad580
Event: 817.151 Thread 0x000001ebf94ad580 Thread exited: 0x000001ebf94ad580
Event: 819.220 Thread 0x000001eb9c70a7c0 Thread added: 0x000001ebf94ac7e0
Event: 819.454 Thread 0x000001ebf94ac7e0 Thread exited: 0x000001ebf94ac7e0
Event: 821.756 Thread 0x000001eb9c70a7c0 Thread added: 0x000001ebf94ac110
Event: 823.066 Thread 0x000001ebf94ac110 Thread exited: 0x000001ebf94ac110
Event: 831.052 Thread 0x000001eb9c70a7c0 Thread added: 0x000001ebf94ad580
Event: 832.308 Thread 0x000001ebf94ad580 Thread exited: 0x000001ebf94ad580
Event: 836.177 Thread 0x000001ebf952c3f0 Thread added: 0x000001ebf9533a10
Event: 837.279 Thread 0x000001eb9c707ea0 Thread added: 0x000001ebf94ad580
Event: 838.370 Thread 0x000001ebf94ad580 Thread exited: 0x000001ebf94ad580
Event: 848.939 Thread 0x000001eb9c70a7c0 Thread added: 0x000001ebf94ae320
Event: 849.180 Thread 0x000001ebf94ae320 Thread exited: 0x000001ebf94ae320
Event: 852.925 Thread 0x000001eb9c70a7c0 Thread added: 0x000001ebf94ae320
Event: 853.913 Thread 0x000001ebf94ae320 Thread exited: 0x000001ebf94ae320
Event: 859.494 Thread 0x000001eb9c70a7c0 Thread added: 0x000001ebf94ae320
Event: 860.304 Thread 0x000001ebf94ae320 Thread exited: 0x000001ebf94ae320
Event: 860.566 Thread 0x000001ebf9530c20 Thread added: 0x000001ebf9532660
Event: 866.216 Thread 0x000001eb9c70a7c0 Thread added: 0x000001ebf94ae9f0


Dynamic libraries:
0x00007ff63bd50000 - 0x00007ff63bd5e000 	c:\Users\Friends\.vscode\extensions\redhat.java-1.53.0-win32-x64\jre\21.0.10-win32-x86_64\bin\java.exe
0x00007ffaa9ce0000 - 0x00007ffaa9f47000 	C:\Windows\SYSTEM32\ntdll.dll
0x00007ffaa8940000 - 0x00007ffaa8a09000 	C:\Windows\System32\KERNEL32.DLL
0x00007ffaa73d0000 - 0x00007ffaa77c1000 	C:\Windows\System32\KERNELBASE.dll
0x00007ffaa6830000 - 0x00007ffaa697b000 	C:\Windows\System32\ucrtbase.dll
0x00007ffa80380000 - 0x00007ffa8039e000 	c:\Users\Friends\.vscode\extensions\redhat.java-1.53.0-win32-x64\jre\21.0.10-win32-x86_64\bin\VCRUNTIME140.dll
0x00007ffa803a0000 - 0x00007ffa803b8000 	c:\Users\Friends\.vscode\extensions\redhat.java-1.53.0-win32-x64\jre\21.0.10-win32-x86_64\bin\jli.dll
0x00007ffaa8770000 - 0x00007ffaa8935000 	C:\Windows\System32\USER32.dll
0x00007ffaa6800000 - 0x00007ffaa6827000 	C:\Windows\System32\win32u.dll
0x00007ffa8eae0000 - 0x00007ffa8ed73000 	C:\Windows\WinSxS\amd64_microsoft.windows.common-controls_6595b64144ccf1df_6.0.26100.8037_none_3e092faae333b53b\COMCTL32.dll
0x00007ffaa8400000 - 0x00007ffaa842b000 	C:\Windows\System32\GDI32.dll
0x00007ffaa92c0000 - 0x00007ffaa9369000 	C:\Windows\System32\msvcrt.dll
0x00007ffaa6980000 - 0x00007ffaa6aab000 	C:\Windows\System32\gdi32full.dll
0x00007ffaa7940000 - 0x00007ffaa79e3000 	C:\Windows\System32\msvcp_win.dll
0x00007ffaa9370000 - 0x00007ffaa93a1000 	C:\Windows\System32\IMM32.DLL
0x00007ffa83690000 - 0x00007ffa8369c000 	c:\Users\Friends\.vscode\extensions\redhat.java-1.53.0-win32-x64\jre\21.0.10-win32-x86_64\bin\vcruntime140_1.dll
0x00007ffa208d0000 - 0x00007ffa2095d000 	c:\Users\Friends\.vscode\extensions\redhat.java-1.53.0-win32-x64\jre\21.0.10-win32-x86_64\bin\msvcp140.dll
0x00007ff98f660000 - 0x00007ff990401000 	c:\Users\Friends\.vscode\extensions\redhat.java-1.53.0-win32-x64\jre\21.0.10-win32-x86_64\bin\server\jvm.dll
0x00007ffaa8340000 - 0x00007ffaa83fb000 	C:\Windows\System32\ADVAPI32.dll
0x00007ffaa8020000 - 0x00007ffaa80c7000 	C:\Windows\System32\sechost.dll
0x00007ffaa8190000 - 0x00007ffaa82a8000 	C:\Windows\System32\RPCRT4.dll
0x00007ffaa8110000 - 0x00007ffaa8184000 	C:\Windows\System32\WS2_32.dll
0x00007ffaa6420000 - 0x00007ffaa647e000 	C:\Windows\SYSTEM32\POWRPROF.dll
0x00007ffa90d30000 - 0x00007ffa90d65000 	C:\Windows\SYSTEM32\WINMM.dll
0x00007ffa987c0000 - 0x00007ffa987cb000 	C:\Windows\SYSTEM32\VERSION.dll
0x00007ffaa6400000 - 0x00007ffaa6414000 	C:\Windows\SYSTEM32\UMPDC.dll
0x00007ffaa5310000 - 0x00007ffaa532b000 	C:\Windows\SYSTEM32\kernel.appcore.dll
0x00007ffa83070000 - 0x00007ffa8307a000 	c:\Users\Friends\.vscode\extensions\redhat.java-1.53.0-win32-x64\jre\21.0.10-win32-x86_64\bin\jimage.dll
0x00007ffa8e180000 - 0x00007ffa8e3c2000 	C:\Windows\SYSTEM32\DBGHELP.DLL
0x00007ffaa9910000 - 0x00007ffaa9c92000 	C:\Windows\System32\combase.dll
0x00007ffaa8a60000 - 0x00007ffaa8b37000 	C:\Windows\System32\OLEAUT32.dll
0x00007ffa8df00000 - 0x00007ffa8df3b000 	C:\Windows\SYSTEM32\dbgcore.DLL
0x00007ffaa6ab0000 - 0x00007ffaa6b55000 	C:\Windows\System32\bcryptPrimitives.dll
0x00007ffa82bb0000 - 0x00007ffa82bbf000 	c:\Users\Friends\.vscode\extensions\redhat.java-1.53.0-win32-x64\jre\21.0.10-win32-x86_64\bin\instrument.dll
0x00007ffa77a30000 - 0x00007ffa77a50000 	c:\Users\Friends\.vscode\extensions\redhat.java-1.53.0-win32-x64\jre\21.0.10-win32-x86_64\bin\java.dll
0x00007ffaa8b40000 - 0x00007ffaa929f000 	C:\Windows\System32\SHELL32.dll
0x00007ffaa77d0000 - 0x00007ffaa793a000 	C:\Windows\System32\wintypes.dll
0x00007ffaa6b60000 - 0x00007ffaa73c4000 	C:\Windows\System32\windows.storage.dll
0x00007ffaa7f20000 - 0x00007ffaa8017000 	C:\Windows\System32\SHCORE.dll
0x00007ffaa96e0000 - 0x00007ffaa9747000 	C:\Windows\System32\shlwapi.dll
0x00007ffaa64e0000 - 0x00007ffaa6509000 	C:\Windows\SYSTEM32\profapi.dll
0x00007ffa69440000 - 0x00007ffa69458000 	c:\Users\Friends\.vscode\extensions\redhat.java-1.53.0-win32-x64\jre\21.0.10-win32-x86_64\bin\zip.dll
0x00007ffa82aa0000 - 0x00007ffa82ab0000 	C:\Users\Friends\.vscode\extensions\redhat.java-1.53.0-win32-x64\jre\21.0.10-win32-x86_64\bin\net.dll
0x00007ffa9a350000 - 0x00007ffa9a477000 	C:\Windows\SYSTEM32\WINHTTP.dll
0x00007ffaa5860000 - 0x00007ffaa58cb000 	C:\Windows\system32\mswsock.dll
0x00007ffa676f0000 - 0x00007ffa67706000 	C:\Users\Friends\.vscode\extensions\redhat.java-1.53.0-win32-x64\jre\21.0.10-win32-x86_64\bin\nio.dll
0x00007ffa82850000 - 0x00007ffa82860000 	c:\Users\Friends\.vscode\extensions\redhat.java-1.53.0-win32-x64\jre\21.0.10-win32-x86_64\bin\verify.dll
0x00007ffa43d70000 - 0x00007ffa43db5000 	C:\Users\Friends\AppData\Roaming\Code\User\globalStorage\redhat.java\1.53.0\config_ss_win\org.eclipse.equinox.launcher\org.eclipse.equinox.launcher.win32.win32.x86_64_1.3.0.v20260203-2149\eclipse_11919.dll
0x00007ffaa9540000 - 0x00007ffaa96d5000 	C:\Windows\System32\ole32.dll
0x00007ffaa5c60000 - 0x00007ffaa5c7b000 	C:\Windows\SYSTEM32\CRYPTSP.dll
0x00007ffaa5270000 - 0x00007ffaa52a9000 	C:\Windows\system32\rsaenh.dll
0x00007ffaa5910000 - 0x00007ffaa5942000 	C:\Windows\SYSTEM32\USERENV.dll
0x00007ffaa64b0000 - 0x00007ffaa64da000 	C:\Windows\SYSTEM32\bcrypt.dll
0x00007ffaa5ac0000 - 0x00007ffaa5acc000 	C:\Windows\SYSTEM32\CRYPTBASE.dll
0x00007ffaa4d50000 - 0x00007ffaa4d83000 	C:\Windows\SYSTEM32\IPHLPAPI.DLL
0x00007ffaa9490000 - 0x00007ffaa949a000 	C:\Windows\System32\NSI.dll
0x00007ffa3fdf0000 - 0x00007ffa3fe39000 	C:\Users\Friends\AppData\Local\Temp\jna-1064558965\jna3134712014425854969.dll
0x00007ffaa80d0000 - 0x00007ffaa80d8000 	C:\Windows\System32\PSAPI.DLL
0x00007ffa9acd0000 - 0x00007ffa9aced000 	C:\Windows\SYSTEM32\dhcpcsvc6.DLL
0x00007ffa9aca0000 - 0x00007ffa9acc3000 	C:\Windows\SYSTEM32\dhcpcsvc.DLL

JVMTI agents:
c:\Users\Friends\.vscode\extensions\redhat.java-1.53.0-win32-x64\lombok\lombok-1.18.39-4050.jar path:c:\Users\Friends\.vscode\extensions\redhat.java-1.53.0-win32-x64\jre\21.0.10-win32-x86_64\bin\instrument.dll, loaded, initialized, instrumentlib options:none

dbghelp: loaded successfully - version: 4.0.5 - missing functions: none
symbol engine: initialized successfully - sym options: 0x614 - pdb path: .;c:\Users\Friends\.vscode\extensions\redhat.java-1.53.0-win32-x64\jre\21.0.10-win32-x86_64\bin;C:\Windows\SYSTEM32;C:\Windows\WinSxS\amd64_microsoft.windows.common-controls_6595b64144ccf1df_6.0.26100.8037_none_3e092faae333b53b;c:\Users\Friends\.vscode\extensions\redhat.java-1.53.0-win32-x64\jre\21.0.10-win32-x86_64\bin\server;C:\Users\Friends\AppData\Roaming\Code\User\globalStorage\redhat.java\1.53.0\config_ss_win\org.eclipse.equinox.launcher\org.eclipse.equinox.launcher.win32.win32.x86_64_1.3.0.v20260203-2149;C:\Users\Friends\AppData\Local\Temp\jna-1064558965

VM Arguments:
jvm_args: --add-modules=ALL-SYSTEM --add-opens=java.base/java.util=ALL-UNNAMED --add-opens=java.base/java.lang=ALL-UNNAMED --add-opens=java.base/sun.nio.fs=ALL-UNNAMED -Declipse.application=org.eclipse.jdt.ls.core.id1 -Dosgi.bundles.defaultStartLevel=4 -Declipse.product=org.eclipse.jdt.ls.core.product -Djava.import.generatesMetadataFilesAtProjectRoot=false -DDetectVMInstallationsJob.disabled=true -Dfile.encoding=utf8 -XX:+UseParallelGC -XX:GCTimeRatio=4 -XX:AdaptiveSizePolicyWeight=90 -Dsun.zip.disableMemoryMapping=true -Xmx2G -Xms100m -Xlog:disable -javaagent:c:\Users\Friends\.vscode\extensions\redhat.java-1.53.0-win32-x64\lombok\lombok-1.18.39-4050.jar 
java_command: c:\Users\Friends\.vscode\extensions\redhat.java-1.53.0-win32-x64\server\plugins\org.eclipse.equinox.launcher_1.7.100.v20251111-0406.jar -configuration c:\Users\Friends\AppData\Roaming\Code\User\globalStorage\redhat.java\1.53.0\config_ss_win -data c:\Users\Friends\AppData\Roaming\Code\User\workspaceStorage\ace8670b395dd25cc7debfab7720d4bd\redhat.java\ss_ws --pipe=\\.\pipe\lsp-ef38afcec4d762ce266198926ef695d8-sock
java_class_path (initial): c:\Users\Friends\.vscode\extensions\redhat.java-1.53.0-win32-x64\server\plugins\org.eclipse.equinox.launcher_1.7.100.v20251111-0406.jar
Launcher Type: SUN_STANDARD

[Global flags]
    uintx AdaptiveSizePolicyWeight                 = 90                                        {product} {command line}
     intx CICompilerCount                          = 3                                         {product} {ergonomic}
    uintx GCTimeRatio                              = 4                                         {product} {command line}
   size_t InitialHeapSize                          = 104857600                                 {product} {command line}
   size_t MaxHeapSize                              = 2147483648                                {product} {command line}
   size_t MaxNewSize                               = 715653120                                 {product} {ergonomic}
   size_t MinHeapDeltaBytes                        = 524288                                    {product} {ergonomic}
   size_t MinHeapSize                              = 104857600                                 {product} {command line}
   size_t NewSize                                  = 34603008                                  {product} {ergonomic}
    uintx NonNMethodCodeHeapSize                   = 5832780                                {pd product} {ergonomic}
    uintx NonProfiledCodeHeapSize                  = 122912730                              {pd product} {ergonomic}
   size_t OldSize                                  = 70254592                                  {product} {ergonomic}
    uintx ProfiledCodeHeapSize                     = 122912730                              {pd product} {ergonomic}
    uintx ReservedCodeCacheSize                    = 251658240                              {pd product} {ergonomic}
     bool SegmentedCodeCache                       = true                                      {product} {ergonomic}
   size_t SoftMaxHeapSize                          = 2147483648                             {manageable} {ergonomic}
     bool UseCompressedOops                        = true                           {product lp64_product} {ergonomic}
     bool UseLargePagesIndividualAllocation        = false                                  {pd product} {ergonomic}
     bool UseParallelGC                            = true                                      {product} {command line}

Logging:
Log output configuration:
 #0: stdout all=off uptime,level,tags foldmultilines=false
 #1: stderr all=off uptime,level,tags foldmultilines=false

Release file:
JAVA_VERSION="21.0.10" 
MODULES="java.base java.compiler java.datatransfer java.xml java.prefs java.desktop java.instrument java.logging java.management java.security.sasl java.naming java.rmi java.management.rmi java.net.http java.scripting java.security.jgss java.transaction.xa java.sql java.sql.rowset java.xml.crypto java.se java.smartcardio jdk.accessibility jdk.internal.jvmstat jdk.attach jdk.charsets jdk.internal.opt jdk.zipfs jdk.compiler jdk.crypto.ec jdk.crypto.cryptoki jdk.crypto.mscapi jdk.dynalink jdk.internal.ed jdk.editpad jdk.hotspot.agent jdk.httpserver jdk.internal.le jdk.internal.vm.ci jdk.internal.vm.compiler jdk.internal.vm.compiler.management jdk.jartool jdk.javadoc jdk.jcmd jdk.management jdk.management.agent jdk.jconsole jdk.jdeps jdk.jdwp.agent jdk.jdi jdk.jfr jdk.jshell jdk.jsobject jdk.jstatd jdk.localedata jdk.management.jfr jdk.naming.dns jdk.naming.rmi jdk.net jdk.nio.mapmode jdk.random jdk.sctp jdk.security.auth jdk.security.jgss jdk.unsupported jdk.unsupported.desktop jdk.xml.dom" 

Environment Variables:
PATH=D:\Microsoft VS Code;C:\Program Files\Common Files\Oracle\Java\javapath;C:\Program Files (x86)\VMware\VMware Player\bin\;C:\Windows\system32;C:\Windows;C:\Windows\System32\Wbem;C:\Windows\System32\WindowsPowerShell\v1.0\;C:\Windows\System32\OpenSSH\;C:\Program Files\Git\cmd;C:\Program Files\MySQL\MySQL Server 8.0\bin;C:\Program Files\nodejs\;C:\Program Files\MySQL\MySQL Shell 8.0\bin\;C:\Users\Friends\AppData\Local\Microsoft\WindowsApps;D:\Microsoft VS Code\bin;C:\Users\Friends\AppData\Roaming\npm
USERNAME=Friends
OS=Windows_NT
PROCESSOR_IDENTIFIER=Intel64 Family 6 Model 142 Stepping 9, GenuineIntel
TMP=C:\Users\Friends\AppData\Local\Temp
TEMP=C:\Users\Friends\AppData\Local\Temp




Periodic native trim disabled

---------------  S Y S T E M  ---------------

OS:
 Windows 11 , 64 bit Build 26100 (10.0.26100.7920)
OS uptime: 18 days 15:33 hours
Hyper-V role detected

CPU: total 4 (initial active 4) (2 cores per cpu, 2 threads per core) family 6 model 142 stepping 9 microcode 0xf6, cx8, cmov, fxsr, ht, mmx, 3dnowpref, sse, sse2, sse3, ssse3, sse4.1, sse4.2, popcnt, lzcnt, tsc, tscinvbit, avx, avx2, aes, erms, clmul, bmi1, bmi2, rtm, adx, fma, vzeroupper, clflush, clflushopt, hv, rdtscp, f16c
Processor Information for the first 4 processors :
  Max Mhz: 2904, Current Mhz: 2803, Mhz Limit: 2787

Memory: 4k page, system-wide physical 16264M (1877M free)
TotalPageFile size 34289M (AvailPageFile size 41M)
current process WorkingSet (physical memory assigned to process): 302M, peak: 303M
current process commit charge ("private bytes"): 339M, peak: 341M

vm_info: OpenJDK 64-Bit Server VM (21.0.10+7-LTS) for windows-amd64 JRE (21.0.10+7-LTS), built on 2026-01-20T00:00:00Z by "admin" with MS VC++ 17.12 (VS2022)

END.
